<?xml version="1.0" encoding="UTF-8"?>
<!-- Generated by org.testng.reporters.JUnitXMLReporter -->
<testsuite ignored="2" hostname="ZRPLQa" failures="0" tests="1" name="Default test" time="207.025" errors="0" timestamp="2025-01-17T18:13:37 IST">
  <testcase classname="testCases.PhysicalOrder" name="OrderCreationWithZeppCoins" time="199.672"/>
  <testcase classname="testCases.PhysicalOrder" name="OrderCreation" time="0.0">
    <ignored/>
  </testcase> <!-- OrderCreation -->
  <testcase classname="testCases.PhysicalOrder" name="OrderCreationWithDiscountCoupon" time="0.0">
    <ignored/>
  </testcase> <!-- OrderCreationWithDiscountCoupon -->
</testsuite> <!-- Default test -->
